{"numTotalTestSuites":18,"numPassedTestSuites":18,"numFailedTestSuites":0,"numPendingTestSuites":0,"numTotalTests":47,"numPassedTests":47,"numFailedTests":0,"numPendingTests":0,"numTodoTests":0,"snapshot":{"added":0,"failure":false,"filesAdded":0,"filesRemoved":0,"filesRemovedList":[],"filesUnmatched":0,"filesUpdated":0,"matched":0,"total":0,"unchecked":0,"uncheckedKeysByFile":[],"unmatched":0,"updated":0,"didUpdate":false},"startTime":1774017839243,"success":true,"testResults":[{"assertionResults":[{"ancestorTitles":["api client"],"fullName":"api client adds the bearer token when authentication is available","status":"passed","title":"adds the bearer token when authentication is available","duration":3.5612499999999727,"failureMessages":[],"meta":{},"tags":[]},{"ancestorTitles":["api client"],"fullName":"api client omits the authorization header when no auth token exists","status":"passed","title":"omits the authorization header when no auth token exists","duration":1.456957999999986,"failureMessages":[],"meta":{},"tags":[]},{"ancestorTitles":["api client"],"fullName":"api client propagates JSON error payloads returned by the API","status":"passed","title":"propagates JSON error payloads returned by the API","duration":1.0009579999999687,"failureMessages":[],"meta":{},"tags":[]},{"ancestorTitles":["api client"],"fullName":"api client falls back to a generic error when the API response body is not JSON","status":"passed","title":"falls back to a generic error when the API response body is not JSON","duration":0.3213339999999789,"failureMessages":[],"meta":{},"tags":[]}],"startTime":1774017843846,"endTime":1774017843852.3213,"status":"passed","message":"","name":"/Users/ian/Desktop/Projects/gym-ai-planner/src/lib/api.unit.test.ts"},{"assertionResults":[{"ancestorTitles":["normalizeOnboardingProfile"],"fullName":"normalizeOnboardingProfile [input] converts strength profile values for four day training","status":"passed","title":"[input] converts strength profile values for four day training","duration":4.234665999999947,"failureMessages":[],"meta":{},"tags":[]},{"ancestorTitles":["normalizeOnboardingProfile"],"fullName":"normalizeOnboardingProfile [input] trims optional text fields before saving the profile","status":"passed","title":"[input] trims optional text fields before saving the profile","duration":0.7087080000000014,"failureMessages":[],"meta":{},"tags":[]},{"ancestorTitles":["normalizeOnboardingProfile"],"fullName":"normalizeOnboardingProfile [input] preserves empty optional text fields","status":"passed","title":"[input] preserves empty optional text fields","duration":0.5447909999999183,"failureMessages":[],"meta":{},"tags":[]},{"ancestorTitles":["normalizeOnboardingProfile"],"fullName":"normalizeOnboardingProfile [input] rejects a zero day-per-week string during schema validation","status":"passed","title":"[input] rejects a zero day-per-week string during schema validation","duration":0.872957999999926,"failureMessages":[],"meta":{},"tags":[]},{"ancestorTitles":["normalizeOnboardingProfile"],"fullName":"normalizeOnboardingProfile [input] rejects a zero session-duration string during schema validation","status":"passed","title":"[input] rejects a zero session-duration string during schema validation","duration":0.24283300000001873,"failureMessages":[],"meta":{},"tags":[]},{"ancestorTitles":["normalizeOnboardingProfile"],"fullName":"normalizeOnboardingProfile [input] rejects decimal session-duration strings during schema validation","status":"passed","title":"[input] rejects decimal session-duration strings during schema validation","duration":2.8199999999999363,"failureMessages":[],"meta":{},"tags":[]},{"ancestorTitles":["normalizeOnboardingProfile"],"fullName":"normalizeOnboardingProfile [input] converts number strings with leading spaces","status":"passed","title":"[input] converts number strings with leading spaces","duration":0.26166699999998855,"failureMessages":[],"meta":{},"tags":[]},{"ancestorTitles":["normalizeOnboardingProfile"],"fullName":"normalizeOnboardingProfile [input] rejects invalid day strings during schema validation","status":"passed","title":"[input] rejects invalid day strings during schema validation","duration":0.22649999999998727,"failureMessages":[],"meta":{},"tags":[]},{"ancestorTitles":["normalizeOnboardingProfile"],"fullName":"normalizeOnboardingProfile [input] rejects invalid duration strings during schema validation","status":"passed","title":"[input] rejects invalid duration strings during schema validation","duration":0.5974579999999605,"failureMessages":[],"meta":{},"tags":[]},{"ancestorTitles":["normalizeOnboardingProfile"],"fullName":"normalizeOnboardingProfile [input] keeps calisthenics selections intact","status":"passed","title":"[input] keeps calisthenics selections intact","duration":0.9403750000000173,"failureMessages":[],"meta":{},"tags":[]},{"ancestorTitles":["normalizeOnboardingProfile"],"fullName":"normalizeOnboardingProfile [input] keeps custom split selections intact","status":"passed","title":"[input] keeps custom split selections intact","duration":0.5473329999999805,"failureMessages":[],"meta":{},"tags":[]},{"ancestorTitles":["normalizeOnboardingProfile"],"fullName":"normalizeOnboardingProfile [input] trims multiline general notes without losing content","status":"passed","title":"[input] trims multiline general notes without losing content","duration":0.35608400000000984,"failureMessages":[],"meta":{},"tags":[]}],"startTime":1774017843000,"endTime":1774017843012.3562,"status":"passed","message":"","name":"/Users/ian/Desktop/Projects/gym-ai-planner/src/lib/onboarding.unit.test.ts"},{"assertionResults":[{"ancestorTitles":["normalizeProfile"],"fullName":"normalizeProfile fills in defaults when fields are missing or malformed","status":"passed","title":"fills in defaults when fields are missing or malformed","duration":3.127749999999992,"failureMessages":[],"meta":{},"tags":[]},{"ancestorTitles":["buildPrompt"],"fullName":"buildPrompt includes mode-specific guidance for same, update, and change regenerations","status":"passed","title":"includes mode-specific guidance for same, update, and change regenerations","duration":0.43287499999996726,"failureMessages":[],"meta":{},"tags":[]},{"ancestorTitles":["buildPrompt"],"fullName":"buildPrompt includes the previous plan context when regenerating an existing plan","status":"passed","title":"includes the previous plan context when regenerating an existing plan","duration":0.1419999999999959,"failureMessages":[],"meta":{},"tags":[]},{"ancestorTitles":["AI response parsing and formatting"],"fullName":"AI response parsing and formatting [scenario] AI fallback formatting handles malformed partial plan data","status":"passed","title":"[scenario] AI fallback formatting handles malformed partial plan data","duration":0.5883330000000342,"failureMessages":[],"meta":{},"tags":[]},{"ancestorTitles":["AI response parsing and formatting"],"fullName":"AI response parsing and formatting [ai-validation] malformed nested AI types are repaired into safe fallback values","status":"passed","title":"[ai-validation] malformed nested AI types are repaired into safe fallback values","duration":1.1167919999999754,"failureMessages":[],"meta":{},"tags":[]},{"ancestorTitles":["AI response parsing and formatting"],"fullName":"AI response parsing and formatting [ai-validation] invalid JSON content throws a provider response error","status":"passed","title":"[ai-validation] invalid JSON content throws a provider response error","duration":0.502207999999996,"failureMessages":[],"meta":{},"tags":[]},{"ancestorTitles":["AI response parsing and formatting"],"fullName":"AI response parsing and formatting parses valid JSON content","status":"passed","title":"parses valid JSON content","duration":0.13320800000002464,"failureMessages":[],"meta":{},"tags":[]}],"startTime":1774017841978,"endTime":1774017841984.1333,"status":"passed","message":"","name":"/Users/ian/Desktop/Projects/gym-ai-planner/server/src/lib/ai.unit.test.ts"},{"assertionResults":[{"ancestorTitles":["requireAuth"],"fullName":"requireAuth rejects requests without an authorization header","status":"passed","title":"rejects requests without an authorization header","duration":1.4006669999999986,"failureMessages":[],"meta":{},"tags":[]},{"ancestorTitles":["resolveJwksUrl"],"fullName":"resolveJwksUrl uses Neon well-known JWKS path","status":"passed","title":"uses Neon well-known JWKS path","duration":0.24579199999999446,"failureMessages":[],"meta":{},"tags":[]},{"ancestorTitles":["resolveJwksUrl"],"fullName":"resolveJwksUrl preserves an explicit JWKS override","status":"passed","title":"preserves an explicit JWKS override","duration":0.13525000000004184,"failureMessages":[],"meta":{},"tags":[]}],"startTime":1774017844586,"endTime":1774017844588.2458,"status":"passed","message":"","name":"/Users/ian/Desktop/Projects/gym-ai-planner/server/src/lib/auth.unit.test.ts"},{"assertionResults":[{"ancestorTitles":["profile routes"],"fullName":"profile routes creates or updates a profile for an authenticated user","status":"passed","title":"creates or updates a profile for an authenticated user","duration":7.775082999999995,"failureMessages":[],"meta":{},"tags":[]},{"ancestorTitles":["profile routes"],"fullName":"profile routes fetches an existing profile for an authenticated user","status":"passed","title":"fetches an existing profile for an authenticated user","duration":1.3091670000000022,"failureMessages":[],"meta":{},"tags":[]},{"ancestorTitles":["profile routes"],"fullName":"profile routes [validation] POST /api/profile rejects invalid goal values with 400","status":"passed","title":"[validation] POST /api/profile rejects invalid goal values with 400","duration":0.8056669999999713,"failureMessages":[],"meta":{},"tags":[]},{"ancestorTitles":["plan routes"],"fullName":"plan routes [scenario] beginner strength full gym plan generation works","status":"passed","title":"[scenario] beginner strength full gym plan generation works","duration":2.0099159999999756,"failureMessages":[],"meta":{},"tags":[]},{"ancestorTitles":["plan routes"],"fullName":"plan routes [scenario] intermediate cut home plan generation works","status":"passed","title":"[scenario] intermediate cut home plan generation works","duration":0.816915999999992,"failureMessages":[],"meta":{},"tags":[]},{"ancestorTitles":["plan routes"],"fullName":"plan routes [scenario] advanced recomp with injury notes plan generation works","status":"passed","title":"[scenario] advanced recomp with injury notes plan generation works","duration":0.5772499999999354,"failureMessages":[],"meta":{},"tags":[]},{"ancestorTitles":["plan routes"],"fullName":"plan routes [scenario] regenerate mode same plan generation works","status":"passed","title":"[scenario] regenerate mode same plan generation works","duration":0.37779199999999946,"failureMessages":[],"meta":{},"tags":[]},{"ancestorTitles":["plan routes"],"fullName":"plan routes [scenario] regenerate mode update plan generation works","status":"passed","title":"[scenario] regenerate mode update plan generation works","duration":0.34133299999996325,"failureMessages":[],"meta":{},"tags":[]},{"ancestorTitles":["plan routes"],"fullName":"plan routes [scenario] regenerate mode change plan generation works","status":"passed","title":"[scenario] regenerate mode change plan generation works","duration":0.27558399999998073,"failureMessages":[],"meta":{},"tags":[]},{"ancestorTitles":["plan routes"],"fullName":"plan routes [plan-route] creates version 1 when a profile exists","status":"passed","title":"[plan-route] creates version 1 when a profile exists","duration":0.3517500000000382,"failureMessages":[],"meta":{},"tags":[]},{"ancestorTitles":["plan routes"],"fullName":"plan routes [plan-route] increments the version from the latest plan","status":"passed","title":"[plan-route] increments the version from the latest plan","duration":0.3938339999999698,"failureMessages":[],"meta":{},"tags":[]},{"ancestorTitles":["plan routes"],"fullName":"plan routes [plan-route] returns 404 when the user profile does not exist","status":"passed","title":"[plan-route] returns 404 when the user profile does not exist","duration":0.55987499999992,"failureMessages":[],"meta":{},"tags":[]},{"ancestorTitles":["plan routes"],"fullName":"plan routes [plan-route] returns 500 when AI generation fails","status":"passed","title":"[plan-route] returns 500 when AI generation fails","duration":2.796083000000067,"failureMessages":[],"meta":{},"tags":[]},{"ancestorTitles":["plan routes"],"fullName":"plan routes [plan-route] rejects unauthenticated plan generation requests","status":"passed","title":"[plan-route] rejects unauthenticated plan generation requests","duration":0.3795830000000251,"failureMessages":[],"meta":{},"tags":[]},{"ancestorTitles":["plan routes"],"fullName":"plan routes [plan-route] rejects invalid regenerate mode values with 400","status":"passed","title":"[plan-route] rejects invalid regenerate mode values with 400","duration":0.4266249999999445,"failureMessages":[],"meta":{},"tags":[]},{"ancestorTitles":["plan routes"],"fullName":"plan routes [validation] POST /api/plan/generate rejects invalid mode values before AI generation","status":"passed","title":"[validation] POST /api/plan/generate rejects invalid mode values before AI generation","duration":0.2350420000000213,"failureMessages":[],"meta":{},"tags":[]},{"ancestorTitles":["plan routes"],"fullName":"plan routes fetches the current plan when one exists","status":"passed","title":"fetches the current plan when one exists","duration":0.2770410000000538,"failureMessages":[],"meta":{},"tags":[]},{"ancestorTitles":["plan routes"],"fullName":"plan routes returns 404 when no current plan exists","status":"passed","title":"returns 404 when no current plan exists","duration":0.1649170000000595,"failureMessages":[],"meta":{},"tags":[]}],"startTime":1774017841644,"endTime":1774017841664.277,"status":"passed","message":"","name":"/Users/ian/Desktop/Projects/gym-ai-planner/server/src/routes/app.integration.test.ts"},{"assertionResults":[{"ancestorTitles":["plan route performance"],"fullName":"plan route performance [perf] POST /api/plan/generate responds locally in under 1000ms","status":"passed","title":"[perf] POST /api/plan/generate responds locally in under 1000ms","duration":5.288083000000029,"failureMessages":[],"meta":{},"tags":[]}],"startTime":1774017844283,"endTime":1774017844288.288,"status":"passed","message":"","name":"/Users/ian/Desktop/Projects/gym-ai-planner/server/src/routes/plan.perf.test.ts"},{"assertionResults":[{"ancestorTitles":["PlanDisplay"],"fullName":"PlanDisplay renders workout days, exercise details, and note text through the DOM","status":"passed","title":"renders workout days, exercise details, and note text through the DOM","duration":274.837,"failureMessages":[],"meta":{},"tags":[]},{"ancestorTitles":["PlanDisplay"],"fullName":"PlanDisplay renders an empty-state message when no schedule is available","status":"passed","title":"renders an empty-state message when no schedule is available","duration":2.2835000000000036,"failureMessages":[],"meta":{},"tags":[]}],"startTime":1774017840806,"endTime":1774017841083.2834,"status":"passed","message":"","name":"/Users/ian/Desktop/Projects/gym-ai-planner/src/components/plan/PlanDisplay.unit.test.tsx"}]}