{"numTotalTestSuites":18,"numPassedTestSuites":18,"numFailedTestSuites":0,"numPendingTestSuites":0,"numTotalTests":42,"numPassedTests":42,"numFailedTests":0,"numPendingTests":0,"numTodoTests":0,"snapshot":{"added":0,"failure":false,"filesAdded":0,"filesRemoved":0,"filesRemovedList":[],"filesUnmatched":0,"filesUpdated":0,"matched":0,"total":0,"unchecked":0,"uncheckedKeysByFile":[],"unmatched":0,"updated":0,"didUpdate":false},"startTime":1774016597264,"success":true,"testResults":[{"assertionResults":[{"ancestorTitles":["api client"],"fullName":"api client adds the bearer token when authentication is available","status":"passed","title":"adds the bearer token when authentication is available","duration":6.058334000000059,"failureMessages":[],"meta":{},"tags":[]},{"ancestorTitles":["api client"],"fullName":"api client omits the authorization header when no auth token exists","status":"passed","title":"omits the authorization header when no auth token exists","duration":1.6331660000000738,"failureMessages":[],"meta":{},"tags":[]},{"ancestorTitles":["api client"],"fullName":"api client propagates JSON error payloads returned by the API","status":"passed","title":"propagates JSON error payloads returned by the API","duration":2.632249999999999,"failureMessages":[],"meta":{},"tags":[]},{"ancestorTitles":["api client"],"fullName":"api client falls back to a generic error when the API response body is not JSON","status":"passed","title":"falls back to a generic error when the API response body is not JSON","duration":0.3781250000000682,"failureMessages":[],"meta":{},"tags":[]}],"startTime":1774016600411,"endTime":1774016600421.6323,"status":"passed","message":"","name":"/Users/ian/Desktop/Projects/gym-ai-planner/src/lib/api.unit.test.ts"},{"assertionResults":[{"ancestorTitles":["normalizeOnboardingProfile"],"fullName":"normalizeOnboardingProfile [input] converts strength profile values for four day training","status":"passed","title":"[input] converts strength profile values for four day training","duration":1.1217080000000124,"failureMessages":[],"meta":{},"tags":[]},{"ancestorTitles":["normalizeOnboardingProfile"],"fullName":"normalizeOnboardingProfile [input] trims optional text fields before saving the profile","status":"passed","title":"[input] trims optional text fields before saving the profile","duration":0.18112500000006548,"failureMessages":[],"meta":{},"tags":[]},{"ancestorTitles":["normalizeOnboardingProfile"],"fullName":"normalizeOnboardingProfile [input] preserves empty optional text fields","status":"passed","title":"[input] preserves empty optional text fields","duration":0.1635830000000169,"failureMessages":[],"meta":{},"tags":[]},{"ancestorTitles":["normalizeOnboardingProfile"],"fullName":"normalizeOnboardingProfile [input] converts a zero day-per-week string into a number","status":"passed","title":"[input] converts a zero day-per-week string into a number","duration":0.15625,"failureMessages":[],"meta":{},"tags":[]},{"ancestorTitles":["normalizeOnboardingProfile"],"fullName":"normalizeOnboardingProfile [input] converts a zero session-duration string into a number","status":"passed","title":"[input] converts a zero session-duration string into a number","duration":0.13116700000000492,"failureMessages":[],"meta":{},"tags":[]},{"ancestorTitles":["normalizeOnboardingProfile"],"fullName":"normalizeOnboardingProfile [input] converts decimal session-duration strings","status":"passed","title":"[input] converts decimal session-duration strings","duration":0.1172910000000229,"failureMessages":[],"meta":{},"tags":[]},{"ancestorTitles":["normalizeOnboardingProfile"],"fullName":"normalizeOnboardingProfile [input] converts number strings with leading spaces","status":"passed","title":"[input] converts number strings with leading spaces","duration":0.1154589999999871,"failureMessages":[],"meta":{},"tags":[]},{"ancestorTitles":["normalizeOnboardingProfile"],"fullName":"normalizeOnboardingProfile [input] surfaces invalid day strings as NaN","status":"passed","title":"[input] surfaces invalid day strings as NaN","duration":0.10445799999990868,"failureMessages":[],"meta":{},"tags":[]},{"ancestorTitles":["normalizeOnboardingProfile"],"fullName":"normalizeOnboardingProfile [input] surfaces invalid duration strings as NaN","status":"passed","title":"[input] surfaces invalid duration strings as NaN","duration":0.11812499999996362,"failureMessages":[],"meta":{},"tags":[]},{"ancestorTitles":["normalizeOnboardingProfile"],"fullName":"normalizeOnboardingProfile [input] keeps calisthenics selections intact","status":"passed","title":"[input] keeps calisthenics selections intact","duration":0.13333299999999326,"failureMessages":[],"meta":{},"tags":[]},{"ancestorTitles":["normalizeOnboardingProfile"],"fullName":"normalizeOnboardingProfile [input] keeps custom split selections intact","status":"passed","title":"[input] keeps custom split selections intact","duration":0.09208399999999983,"failureMessages":[],"meta":{},"tags":[]},{"ancestorTitles":["normalizeOnboardingProfile"],"fullName":"normalizeOnboardingProfile [input] trims multiline general notes without losing content","status":"passed","title":"[input] trims multiline general notes without losing content","duration":0.09029199999997672,"failureMessages":[],"meta":{},"tags":[]}],"startTime":1774016601520,"endTime":1774016601522.1333,"status":"passed","message":"","name":"/Users/ian/Desktop/Projects/gym-ai-planner/src/lib/onboarding.unit.test.ts"},{"assertionResults":[{"ancestorTitles":["profile routes"],"fullName":"profile routes creates or updates a profile for an authenticated user","status":"passed","title":"creates or updates a profile for an authenticated user","duration":11.690541999999937,"failureMessages":[],"meta":{},"tags":[]},{"ancestorTitles":["profile routes"],"fullName":"profile routes fetches an existing profile for an authenticated user","status":"passed","title":"fetches an existing profile for an authenticated user","duration":4.3093750000000455,"failureMessages":[],"meta":{},"tags":[]},{"ancestorTitles":["plan routes"],"fullName":"plan routes [scenario] beginner strength full gym plan generation works","status":"passed","title":"[scenario] beginner strength full gym plan generation works","duration":3.2571250000000873,"failureMessages":[],"meta":{},"tags":[]},{"ancestorTitles":["plan routes"],"fullName":"plan routes [scenario] intermediate cut home plan generation works","status":"passed","title":"[scenario] intermediate cut home plan generation works","duration":1.7349169999999958,"failureMessages":[],"meta":{},"tags":[]},{"ancestorTitles":["plan routes"],"fullName":"plan routes [scenario] advanced recomp with injury notes plan generation works","status":"passed","title":"[scenario] advanced recomp with injury notes plan generation works","duration":0.560416000000032,"failureMessages":[],"meta":{},"tags":[]},{"ancestorTitles":["plan routes"],"fullName":"plan routes [scenario] regenerate mode same plan generation works","status":"passed","title":"[scenario] regenerate mode same plan generation works","duration":0.3492919999999913,"failureMessages":[],"meta":{},"tags":[]},{"ancestorTitles":["plan routes"],"fullName":"plan routes [scenario] regenerate mode update plan generation works","status":"passed","title":"[scenario] regenerate mode update plan generation works","duration":0.3482920000000149,"failureMessages":[],"meta":{},"tags":[]},{"ancestorTitles":["plan routes"],"fullName":"plan routes [scenario] regenerate mode change plan generation works","status":"passed","title":"[scenario] regenerate mode change plan generation works","duration":0.7388750000000073,"failureMessages":[],"meta":{},"tags":[]},{"ancestorTitles":["plan routes"],"fullName":"plan routes [plan-route] creates version 1 when a profile exists","status":"passed","title":"[plan-route] creates version 1 when a profile exists","duration":0.4009170000000495,"failureMessages":[],"meta":{},"tags":[]},{"ancestorTitles":["plan routes"],"fullName":"plan routes [plan-route] increments the version from the latest plan","status":"passed","title":"[plan-route] increments the version from the latest plan","duration":0.5540839999999889,"failureMessages":[],"meta":{},"tags":[]},{"ancestorTitles":["plan routes"],"fullName":"plan routes [plan-route] returns 404 when the user profile does not exist","status":"passed","title":"[plan-route] returns 404 when the user profile does not exist","duration":0.301290999999992,"failureMessages":[],"meta":{},"tags":[]},{"ancestorTitles":["plan routes"],"fullName":"plan routes [plan-route] returns 500 when AI generation fails","status":"passed","title":"[plan-route] returns 500 when AI generation fails","duration":2.6329170000000204,"failureMessages":[],"meta":{},"tags":[]},{"ancestorTitles":["plan routes"],"fullName":"plan routes [plan-route] rejects unauthenticated plan generation requests","status":"passed","title":"[plan-route] rejects unauthenticated plan generation requests","duration":0.2423749999999245,"failureMessages":[],"meta":{},"tags":[]},{"ancestorTitles":["plan routes"],"fullName":"plan routes fetches the current plan when one exists","status":"passed","title":"fetches the current plan when one exists","duration":0.3030420000000049,"failureMessages":[],"meta":{},"tags":[]},{"ancestorTitles":["plan routes"],"fullName":"plan routes returns 404 when no current plan exists","status":"passed","title":"returns 404 when no current plan exists","duration":0.18841599999996106,"failureMessages":[],"meta":{},"tags":[]}],"startTime":1774016599042,"endTime":1774016599070.1885,"status":"passed","message":"","name":"/Users/ian/Desktop/Projects/gym-ai-planner/server/src/routes/app.integration.test.ts"},{"assertionResults":[{"ancestorTitles":["plan route performance"],"fullName":"plan route performance [perf] POST /api/plan/generate responds locally in under 1000ms","status":"passed","title":"[perf] POST /api/plan/generate responds locally in under 1000ms","duration":5.075290999999993,"failureMessages":[],"meta":{},"tags":[]}],"startTime":1774016599453,"endTime":1774016599458.0752,"status":"passed","message":"","name":"/Users/ian/Desktop/Projects/gym-ai-planner/server/src/routes/plan.perf.test.ts"},{"assertionResults":[{"ancestorTitles":["normalizeProfile"],"fullName":"normalizeProfile fills in defaults when fields are missing or malformed","status":"passed","title":"fills in defaults when fields are missing or malformed","duration":1.237542000000019,"failureMessages":[],"meta":{},"tags":[]},{"ancestorTitles":["buildPrompt"],"fullName":"buildPrompt includes mode-specific guidance for same, update, and change regenerations","status":"passed","title":"includes mode-specific guidance for same, update, and change regenerations","duration":0.42533299999996643,"failureMessages":[],"meta":{},"tags":[]},{"ancestorTitles":["buildPrompt"],"fullName":"buildPrompt includes the previous plan context when regenerating an existing plan","status":"passed","title":"includes the previous plan context when regenerating an existing plan","duration":0.14370800000000372,"failureMessages":[],"meta":{},"tags":[]},{"ancestorTitles":["AI response parsing and formatting"],"fullName":"AI response parsing and formatting [scenario] AI fallback formatting handles malformed partial plan data","status":"passed","title":"[scenario] AI fallback formatting handles malformed partial plan data","duration":1.3271670000000313,"failureMessages":[],"meta":{},"tags":[]},{"ancestorTitles":["AI response parsing and formatting"],"fullName":"AI response parsing and formatting parses valid JSON content and throws on invalid JSON","status":"passed","title":"parses valid JSON content and throws on invalid JSON","duration":0.8739999999999668,"failureMessages":[],"meta":{},"tags":[]}],"startTime":1774016600722,"endTime":1774016600726.874,"status":"passed","message":"","name":"/Users/ian/Desktop/Projects/gym-ai-planner/server/src/lib/ai.unit.test.ts"},{"assertionResults":[{"ancestorTitles":["requireAuth"],"fullName":"requireAuth rejects requests without an authorization header","status":"passed","title":"rejects requests without an authorization header","duration":1.5609580000000278,"failureMessages":[],"meta":{},"tags":[]},{"ancestorTitles":["resolveJwksUrl"],"fullName":"resolveJwksUrl uses Neon well-known JWKS path","status":"passed","title":"uses Neon well-known JWKS path","duration":0.19033300000000963,"failureMessages":[],"meta":{},"tags":[]},{"ancestorTitles":["resolveJwksUrl"],"fullName":"resolveJwksUrl preserves an explicit JWKS override","status":"passed","title":"preserves an explicit JWKS override","duration":0.10279100000002472,"failureMessages":[],"meta":{},"tags":[]}],"startTime":1774016601842,"endTime":1774016601844.1904,"status":"passed","message":"","name":"/Users/ian/Desktop/Projects/gym-ai-planner/server/src/lib/auth.unit.test.ts"},{"assertionResults":[{"ancestorTitles":["PlanDisplay"],"fullName":"PlanDisplay renders workout days, exercise details, and note text through the DOM","status":"passed","title":"renders workout days, exercise details, and note text through the DOM","duration":150.29370799999992,"failureMessages":[],"meta":{},"tags":[]},{"ancestorTitles":["PlanDisplay"],"fullName":"PlanDisplay renders an empty-state message when no schedule is available","status":"passed","title":"renders an empty-state message when no schedule is available","duration":1.701958999999988,"failureMessages":[],"meta":{},"tags":[]}],"startTime":1774016598323,"endTime":1774016598474.702,"status":"passed","message":"","name":"/Users/ian/Desktop/Projects/gym-ai-planner/src/components/plan/PlanDisplay.unit.test.tsx"}]}